c:\users\u3797\desktop\wp_project\weeklyplanner_mfc\weeklyplanner\debug\weeklyplanner.pch
c:\users\u3797\desktop\wp_project\weeklyplanner_mfc\weeklyplanner\debug\vc140.pdb
c:\users\u3797\desktop\wp_project\weeklyplanner_mfc\weeklyplanner\debug\vc140.idb
c:\users\u3797\desktop\wp_project\weeklyplanner_mfc\weeklyplanner\debug\stdafx.obj
c:\users\u3797\desktop\wp_project\weeklyplanner_mfc\weeklyplanner\debug\ddayadddlg.obj
c:\users\u3797\desktop\wp_project\weeklyplanner_mfc\weeklyplanner\debug\historyview.obj
c:\users\u3797\desktop\wp_project\weeklyplanner_mfc\weeklyplanner\debug\mainfrm.obj
c:\users\u3797\desktop\wp_project\weeklyplanner_mfc\weeklyplanner\debug\profilemodifydlg.obj
c:\users\u3797\desktop\wp_project\weeklyplanner_mfc\weeklyplanner\debug\soundplayer.obj
c:\users\u3797\desktop\wp_project\weeklyplanner_mfc\weeklyplanner\debug\tw_odbc.obj
c:\users\u3797\desktop\wp_project\weeklyplanner_mfc\weeklyplanner\debug\weeklyplanner.obj
c:\users\u3797\desktop\wp_project\weeklyplanner_mfc\weeklyplanner\debug\weeklyplannerdoc.obj
c:\users\u3797\desktop\wp_project\weeklyplanner_mfc\weeklyplanner\debug\weeklyplannerview.obj
c:\users\u3797\desktop\wp_project\weeklyplanner_mfc\debug\weeklyplanner.ilk
c:\users\u3797\desktop\wp_project\weeklyplanner_mfc\debug\weeklyplanner.exe
c:\users\u3797\desktop\wp_project\weeklyplanner_mfc\debug\weeklyplanner.pdb
c:\users\u3797\desktop\wp_project\weeklyplanner_mfc\weeklyplanner\debug\weeklyplanner.res
c:\users\u3797\desktop\wp_project\weeklyplanner_mfc\weeklyplanner\debug\weeklyplanner.tlog\cl.command.1.tlog
c:\users\u3797\desktop\wp_project\weeklyplanner_mfc\weeklyplanner\debug\weeklyplanner.tlog\cl.read.1.tlog
c:\users\u3797\desktop\wp_project\weeklyplanner_mfc\weeklyplanner\debug\weeklyplanner.tlog\cl.write.1.tlog
c:\users\u3797\desktop\wp_project\weeklyplanner_mfc\weeklyplanner\debug\weeklyplanner.tlog\link.command.1.tlog
c:\users\u3797\desktop\wp_project\weeklyplanner_mfc\weeklyplanner\debug\weeklyplanner.tlog\link.read.1.tlog
c:\users\u3797\desktop\wp_project\weeklyplanner_mfc\weeklyplanner\debug\weeklyplanner.tlog\link.write.1.tlog
c:\users\u3797\desktop\wp_project\weeklyplanner_mfc\weeklyplanner\debug\weeklyplanner.tlog\rc.command.1.tlog
c:\users\u3797\desktop\wp_project\weeklyplanner_mfc\weeklyplanner\debug\weeklyplanner.tlog\rc.read.1.tlog
c:\users\u3797\desktop\wp_project\weeklyplanner_mfc\weeklyplanner\debug\weeklyplanner.tlog\rc.write.1.tlog
