c:\users\u3797\desktop\weekp\weeklyplanner_mfc\weeklyplanner\release\weeklyplanner.pch
c:\users\u3797\desktop\weekp\weeklyplanner_mfc\weeklyplanner\release\vc140.pdb
c:\users\u3797\desktop\weekp\weeklyplanner_mfc\weeklyplanner\release\stdafx.obj
c:\users\u3797\desktop\weekp\weeklyplanner_mfc\weeklyplanner\release\weeklyplannerdoc.obj
c:\users\u3797\desktop\weekp\weeklyplanner_mfc\weeklyplanner\release\weeklyplanner.obj
c:\users\u3797\desktop\weekp\weeklyplanner_mfc\weeklyplanner\release\tw_odbc.obj
c:\users\u3797\desktop\weekp\weeklyplanner_mfc\weeklyplanner\release\soundplayer.obj
c:\users\u3797\desktop\weekp\weeklyplanner_mfc\weeklyplanner\release\profilemodifydlg.obj
c:\users\u3797\desktop\weekp\weeklyplanner_mfc\weeklyplanner\release\mainfrm.obj
c:\users\u3797\desktop\weekp\weeklyplanner_mfc\weeklyplanner\release\historyview.obj
c:\users\u3797\desktop\weekp\weeklyplanner_mfc\weeklyplanner\release\ddayadddlg.obj
c:\users\u3797\desktop\weekp\weeklyplanner_mfc\weeklyplanner\release\weeklyplannerview.obj
c:\users\u3797\desktop\weekp\weeklyplanner_mfc\release\weeklyplanner.exe
c:\users\u3797\desktop\weekp\weeklyplanner_mfc\release\weeklyplanner.ipdb
c:\users\u3797\desktop\weekp\weeklyplanner_mfc\release\weeklyplanner.iobj
c:\users\u3797\desktop\weekp\weeklyplanner_mfc\release\weeklyplanner.pdb
c:\users\u3797\desktop\weekp\weeklyplanner_mfc\weeklyplanner\release\weeklyplanner.res
c:\users\u3797\desktop\weekp\weeklyplanner_mfc\weeklyplanner\release\weeklyplanner.tlog\cl.command.1.tlog
c:\users\u3797\desktop\weekp\weeklyplanner_mfc\weeklyplanner\release\weeklyplanner.tlog\cl.read.1.tlog
c:\users\u3797\desktop\weekp\weeklyplanner_mfc\weeklyplanner\release\weeklyplanner.tlog\cl.write.1.tlog
c:\users\u3797\desktop\weekp\weeklyplanner_mfc\weeklyplanner\release\weeklyplanner.tlog\link.command.1.tlog
c:\users\u3797\desktop\weekp\weeklyplanner_mfc\weeklyplanner\release\weeklyplanner.tlog\link.read.1.tlog
c:\users\u3797\desktop\weekp\weeklyplanner_mfc\weeklyplanner\release\weeklyplanner.tlog\link.write.1.tlog
c:\users\u3797\desktop\weekp\weeklyplanner_mfc\weeklyplanner\release\weeklyplanner.tlog\rc.command.1.tlog
c:\users\u3797\desktop\weekp\weeklyplanner_mfc\weeklyplanner\release\weeklyplanner.tlog\rc.read.1.tlog
c:\users\u3797\desktop\weekp\weeklyplanner_mfc\weeklyplanner\release\weeklyplanner.tlog\rc.write.1.tlog
