c:\users\u3797\desktop\weeklyplanner_project\weeklyplanner_mfc\weeklyplanner\x64\debug\weeklyplanner.pch
c:\users\u3797\desktop\weeklyplanner_project\weeklyplanner_mfc\weeklyplanner\x64\debug\vc140.pdb
c:\users\u3797\desktop\weeklyplanner_project\weeklyplanner_mfc\weeklyplanner\x64\debug\vc140.idb
c:\users\u3797\desktop\weeklyplanner_project\weeklyplanner_mfc\weeklyplanner\x64\debug\stdafx.obj
c:\users\u3797\desktop\weeklyplanner_project\weeklyplanner_mfc\weeklyplanner\x64\debug\ddayadddlg.obj
c:\users\u3797\desktop\weeklyplanner_project\weeklyplanner_mfc\weeklyplanner\x64\debug\mainfrm.obj
c:\users\u3797\desktop\weeklyplanner_project\weeklyplanner_mfc\weeklyplanner\x64\debug\profilemodifydlg.obj
c:\users\u3797\desktop\weeklyplanner_project\weeklyplanner_mfc\weeklyplanner\x64\debug\weeklyplanner.obj
c:\users\u3797\desktop\weeklyplanner_project\weeklyplanner_mfc\weeklyplanner\x64\debug\weeklyplannerdoc.obj
c:\users\u3797\desktop\weeklyplanner_project\weeklyplanner_mfc\weeklyplanner\x64\debug\weeklyplannerview.obj
c:\users\u3797\desktop\weeklyplanner_project\weeklyplanner_mfc\x64\debug\weeklyplanner.ilk
c:\users\u3797\desktop\weeklyplanner_project\weeklyplanner_mfc\x64\debug\weeklyplanner.exe
c:\users\u3797\desktop\weeklyplanner_project\weeklyplanner_mfc\x64\debug\weeklyplanner.pdb
c:\users\u3797\desktop\weeklyplanner_project\weeklyplanner_mfc\weeklyplanner\x64\debug\weeklyplanner.res
c:\users\u3797\desktop\weeklyplanner_project\weeklyplanner_mfc\weeklyplanner\x64\debug\weeklyplanner.tlog\cl.command.1.tlog
c:\users\u3797\desktop\weeklyplanner_project\weeklyplanner_mfc\weeklyplanner\x64\debug\weeklyplanner.tlog\cl.read.1.tlog
c:\users\u3797\desktop\weeklyplanner_project\weeklyplanner_mfc\weeklyplanner\x64\debug\weeklyplanner.tlog\cl.write.1.tlog
c:\users\u3797\desktop\weeklyplanner_project\weeklyplanner_mfc\weeklyplanner\x64\debug\weeklyplanner.tlog\link.command.1.tlog
c:\users\u3797\desktop\weeklyplanner_project\weeklyplanner_mfc\weeklyplanner\x64\debug\weeklyplanner.tlog\link.read.1.tlog
c:\users\u3797\desktop\weeklyplanner_project\weeklyplanner_mfc\weeklyplanner\x64\debug\weeklyplanner.tlog\link.write.1.tlog
c:\users\u3797\desktop\weeklyplanner_project\weeklyplanner_mfc\weeklyplanner\x64\debug\weeklyplanner.tlog\rc.command.1.tlog
c:\users\u3797\desktop\weeklyplanner_project\weeklyplanner_mfc\weeklyplanner\x64\debug\weeklyplanner.tlog\rc.read.1.tlog
c:\users\u3797\desktop\weeklyplanner_project\weeklyplanner_mfc\weeklyplanner\x64\debug\weeklyplanner.tlog\rc.write.1.tlog
